<?xml version="1.0" encoding="UTF-8"?>
<testsuite xmlns:xsi="http://www.w3.org/2001/XMLSchema-instance" xsi:noNamespaceSchemaLocation="https://maven.apache.org/surefire/maven-surefire-plugin/xsd/surefire-test-report.xsd" name="com.example.AppTest" time="0.006" tests="1" errors="0" skipped="0" failures="0">
  <properties>
    <property name="java.specification.version" value="17"/>
    <property name="sun.jnu.encoding" value="UTF-8"/>
    <property name="java.class.path" value="/home/rvnath/projects/comviva/RnD/circuit-breaker-java/circuitbrk/target/test-classes:/home/rvnath/projects/comviva/RnD/circuit-breaker-java/circuitbrk/target/classes:/home/rvnath/.m2/repository/org/slf4j/slf4j-api/2.0.7/slf4j-api-2.0.7.jar:/home/rvnath/.m2/repository/org/slf4j/slf4j-simple/2.0.7/slf4j-simple-2.0.7.jar:/home/rvnath/.m2/repository/junit/junit/4.11/junit-4.11.jar:/home/rvnath/.m2/repository/org/hamcrest/hamcrest-core/1.3/hamcrest-core-1.3.jar:/home/rvnath/.m2/repository/org/apache/kafka/kafka-clients/3.5.0/kafka-clients-3.5.0.jar:/home/rvnath/.m2/repository/com/github/luben/zstd-jni/1.5.5-1/zstd-jni-1.5.5-1.jar:/home/rvnath/.m2/repository/org/lz4/lz4-java/1.8.0/lz4-java-1.8.0.jar:/home/rvnath/.m2/repository/org/xerial/snappy/snappy-java/1.1.10.0/snappy-java-1.1.10.0.jar:/home/rvnath/.m2/repository/org/json/json/20230618/json-20230618.jar:/home/rvnath/.m2/repository/com/fasterxml/jackson/core/jackson-databind/2.15.2/jackson-databind-2.15.2.jar:/home/rvnath/.m2/repository/com/fasterxml/jackson/core/jackson-core/2.12.5/jackson-core-2.12.5.jar:/home/rvnath/.m2/repository/com/fasterxml/jackson/core/jackson-annotations/2.12.5/jackson-annotations-2.12.5.jar:/home/rvnath/.m2/repository/org/apache/logging/log4j/log4j-api/2.17.0/log4j-api-2.17.0.jar:/home/rvnath/.m2/repository/org/apache/logging/log4j/log4j-core/2.17.0/log4j-core-2.17.0.jar:"/>
    <property name="java.vm.vendor" value="Private Build"/>
    <property name="sun.arch.data.model" value="64"/>
    <property name="java.vendor.url" value="Unknown"/>
    <property name="os.name" value="Linux"/>
    <property name="java.vm.specification.version" value="17"/>
    <property name="sun.java.launcher" value="SUN_STANDARD"/>
    <property name="sun.boot.library.path" value="/usr/lib/jvm/java-17-openjdk-amd64/lib"/>
    <property name="sun.java.command" value="/home/rvnath/projects/comviva/RnD/circuit-breaker-java/circuitbrk/target/surefire/surefirebooter8402853245178346726.jar /home/rvnath/projects/comviva/RnD/circuit-breaker-java/circuitbrk/target/surefire 2023-07-20T21-29-30_780-jvmRun1 surefire13529684684139079555tmp surefire_01801827042680758415tmp"/>
    <property name="jdk.debug" value="release"/>
    <property name="surefire.test.class.path" value="/home/rvnath/projects/comviva/RnD/circuit-breaker-java/circuitbrk/target/test-classes:/home/rvnath/projects/comviva/RnD/circuit-breaker-java/circuitbrk/target/classes:/home/rvnath/.m2/repository/org/slf4j/slf4j-api/2.0.7/slf4j-api-2.0.7.jar:/home/rvnath/.m2/repository/org/slf4j/slf4j-simple/2.0.7/slf4j-simple-2.0.7.jar:/home/rvnath/.m2/repository/junit/junit/4.11/junit-4.11.jar:/home/rvnath/.m2/repository/org/hamcrest/hamcrest-core/1.3/hamcrest-core-1.3.jar:/home/rvnath/.m2/repository/org/apache/kafka/kafka-clients/3.5.0/kafka-clients-3.5.0.jar:/home/rvnath/.m2/repository/com/github/luben/zstd-jni/1.5.5-1/zstd-jni-1.5.5-1.jar:/home/rvnath/.m2/repository/org/lz4/lz4-java/1.8.0/lz4-java-1.8.0.jar:/home/rvnath/.m2/repository/org/xerial/snappy/snappy-java/1.1.10.0/snappy-java-1.1.10.0.jar:/home/rvnath/.m2/repository/org/json/json/20230618/json-20230618.jar:/home/rvnath/.m2/repository/com/fasterxml/jackson/core/jackson-databind/2.15.2/jackson-databind-2.15.2.jar:/home/rvnath/.m2/repository/com/fasterxml/jackson/core/jackson-core/2.12.5/jackson-core-2.12.5.jar:/home/rvnath/.m2/repository/com/fasterxml/jackson/core/jackson-annotations/2.12.5/jackson-annotations-2.12.5.jar:/home/rvnath/.m2/repository/org/apache/logging/log4j/log4j-api/2.17.0/log4j-api-2.17.0.jar:/home/rvnath/.m2/repository/org/apache/logging/log4j/log4j-core/2.17.0/log4j-core-2.17.0.jar:"/>
    <property name="sun.cpu.endian" value="little"/>
    <property name="user.home" value="/home/rvnath"/>
    <property name="user.language" value="en"/>
    <property name="java.specification.vendor" value="Oracle Corporation"/>
    <property name="java.version.date" value="2023-04-18"/>
    <property name="java.home" value="/usr/lib/jvm/java-17-openjdk-amd64"/>
    <property name="file.separator" value="/"/>
    <property name="basedir" value="/home/rvnath/projects/comviva/RnD/circuit-breaker-java/circuitbrk"/>
    <property name="java.vm.compressedOopsMode" value="Zero based"/>
    <property name="line.separator" value="&#10;"/>
    <property name="java.vm.specification.vendor" value="Oracle Corporation"/>
    <property name="java.specification.name" value="Java Platform API Specification"/>
    <property name="surefire.real.class.path" value="/home/rvnath/projects/comviva/RnD/circuit-breaker-java/circuitbrk/target/surefire/surefirebooter8402853245178346726.jar"/>
    <property name="sun.management.compiler" value="HotSpot 64-Bit Tiered Compilers"/>
    <property name="java.runtime.version" value="17.0.7+7-Ubuntu-0ubuntu122.04.2"/>
    <property name="user.name" value="rvnath"/>
    <property name="path.separator" value=":"/>
    <property name="os.version" value="5.15.90.1-microsoft-standard-WSL2"/>
    <property name="java.runtime.name" value="OpenJDK Runtime Environment"/>
    <property name="file.encoding" value="UTF-8"/>
    <property name="java.vm.name" value="OpenJDK 64-Bit Server VM"/>
    <property name="localRepository" value="/home/rvnath/.m2/repository"/>
    <property name="java.vendor.url.bug" value="Unknown"/>
    <property name="java.io.tmpdir" value="/tmp"/>
    <property name="java.version" value="17.0.7"/>
    <property name="user.dir" value="/home/rvnath/projects/comviva/RnD/circuit-breaker-java/circuitbrk"/>
    <property name="os.arch" value="amd64"/>
    <property name="java.vm.specification.name" value="Java Virtual Machine Specification"/>
    <property name="native.encoding" value="UTF-8"/>
    <property name="java.library.path" value="/usr/java/packages/lib:/usr/lib/x86_64-linux-gnu/jni:/lib/x86_64-linux-gnu:/usr/lib/x86_64-linux-gnu:/usr/lib/jni:/lib:/usr/lib"/>
    <property name="java.vm.info" value="mixed mode, sharing"/>
    <property name="java.vendor" value="Private Build"/>
    <property name="java.vm.version" value="17.0.7+7-Ubuntu-0ubuntu122.04.2"/>
    <property name="sun.io.unicode.encoding" value="UnicodeLittle"/>
    <property name="java.class.version" value="61.0"/>
  </properties>
  <testcase name="shouldAnswerWithTrue" classname="com.example.AppTest" time="0.001"/>
</testsuite>